# JRE version: Java(TM) SE Runtime Environment (20.0.2+9) (build 20.0.2+9-78)
# Java VM: Java HotSpot(TM) 64-Bit Server VM (20.0.2+9-78, mixed mode, emulated-client, sharing, tiered, compressed oops, compressed class ptrs, g1 gc, windows-amd64)
GC Precious Log:
 CardTable entry size: 512
 Card Set container configuration: InlinePtr #cards 5 size 8 Array Of Cards #cards 12 size 40 Howl #buckets 4 coarsen threshold 1843 Howl Bitmap #cards 512 size 80 coarsen threshold 460 Card regions per heap region 1 cards per card region 2048
 CPUs: 12 total, 12 available
 Memory: 7876M
 Large Page Support: Disabled
 NUMA Support: Disabled
 Compressed Oops: Enabled (32-bit)
 Heap Region Size: 1M
 Heap Min Capacity: 8M
 Heap Initial Capacity: 124M
 Heap Max Capacity: 1970M
 Pre-touch: Disabled
 Parallel Workers: 10
 Concurrent Workers: 3
 Concurrent Refinement Workers: 10
 Periodic GC: Disabled
Heap:
 garbage-first heap   total 402432K, used 271460K [0x0000000084e00000, 0x0000000100000000)
  region size 1024K, 14 young (14336K), 2 survivors (2048K)
 Metaspace       used 84260K, committed 85376K, reserved 1179648K
  class space    used 12334K, committed 12864K, reserved 1048576K
GC Heap History (20 events):
Event: 3151.940 GC heap before
{Heap before GC invocations=590 (full 0):
 garbage-first heap   total 444416K, used 442052K [0x0000000084e00000, 0x0000000100000000)
  region size 1024K, 37 young (37888K), 1 survivors (1024K)
 Metaspace       used 84267K, committed 85376K, reserved 1179648K
  class space    used 12336K, committed 12864K, reserved 1048576K
}
Event: 3151.943 GC heap after
{Heap after GC invocations=591 (full 0):
 garbage-first heap   total 446464K, used 110814K [0x0000000084e00000, 0x0000000100000000)
  region size 1024K, 1 young (1024K), 1 survivors (1024K)
 Metaspace       used 84267K, committed 85376K, reserved 1179648K
  class space    used 12336K, committed 12864K, reserved 1048576K
}
Event: 3152.268 GC heap before
{Heap before GC invocations=591 (full 0):
 garbage-first heap   total 446464K, used 443614K [0x0000000084e00000, 0x0000000100000000)
  region size 1024K, 34 young (34816K), 1 survivors (1024K)
 Metaspace       used 84267K, committed 85376K, reserved 1179648K
  class space    used 12336K, committed 12864K, reserved 1048576K
}
Event: 3152.272 GC heap after
{Heap after GC invocations=592 (full 0):
 garbage-first heap   total 447488K, used 109339K [0x0000000084e00000, 0x0000000100000000)
  region size 1024K, 1 young (1024K), 1 survivors (1024K)
 Metaspace       used 84267K, committed 85376K, reserved 1179648K
  class space    used 12336K, committed 12864K, reserved 1048576K
}
Event: 3152.273 GC heap before
{Heap before GC invocations=592 (full 0):
 garbage-first heap   total 447488K, used 110363K [0x0000000084e00000, 0x0000000100000000)
  region size 1024K, 3 young (3072K), 1 survivors (1024K)
 Metaspace       used 84267K, committed 85376K, reserved 1179648K
  class space    used 12336K, committed 12864K, reserved 1048576K
}
Event: 3152.275 GC heap after
{Heap after GC invocations=593 (full 0):
 garbage-first heap   total 447488K, used 109762K [0x0000000084e00000, 0x0000000100000000)
  region size 1024K, 1 young (1024K), 1 survivors (1024K)
 Metaspace       used 84267K, committed 85376K, reserved 1179648K
  class space    used 12336K, committed 12864K, reserved 1048576K
}
Event: 3152.346 GC heap before
{Heap before GC invocations=594 (full 0):
 garbage-first heap   total 447488K, used 159938K [0x0000000084e00000, 0x0000000100000000)
  region size 1024K, 8 young (8192K), 1 survivors (1024K)
 Metaspace       used 84267K, committed 85376K, reserved 1179648K
  class space    used 12336K, committed 12864K, reserved 1048576K
}
Event: 3152.349 GC heap after
{Heap after GC invocations=595 (full 0):
 garbage-first heap   total 447488K, used 108161K [0x0000000084e00000, 0x0000000100000000)
  region size 1024K, 1 young (1024K), 1 survivors (1024K)
 Metaspace       used 84267K, committed 85376K, reserved 1179648K
  class space    used 12336K, committed 12864K, reserved 1048576K
}
Event: 3152.882 GC heap before
{Heap before GC invocations=596 (full 0):
 garbage-first heap   total 394240K, used 391809K [0x0000000084e00000, 0x0000000100000000)
  region size 1024K, 31 young (31744K), 1 survivors (1024K)
 Metaspace       used 84267K, committed 85376K, reserved 1179648K
  class space    used 12336K, committed 12864K, reserved 1048576K
}
Event: 3152.885 GC heap after
{Heap after GC invocations=597 (full 0):
 garbage-first heap   total 395264K, used 108310K [0x0000000084e00000, 0x0000000100000000)
  region size 1024K, 1 young (1024K), 1 survivors (1024K)
 Metaspace       used 84267K, committed 85376K, reserved 1179648K
  class space    used 12336K, committed 12864K, reserved 1048576K
}
Event: 3153.311 GC heap before
{Heap before GC invocations=597 (full 0):
 garbage-first heap   total 400384K, used 398102K [0x0000000084e00000, 0x0000000100000000)
  region size 1024K, 31 young (31744K), 1 survivors (1024K)
 Metaspace       used 84267K, committed 85376K, reserved 1179648K
  class space    used 12336K, committed 12864K, reserved 1048576K
}
Event: 3153.315 GC heap after
{Heap after GC invocations=598 (full 0):
 garbage-first heap   total 402432K, used 114624K [0x0000000084e00000, 0x0000000100000000)
  region size 1024K, 1 young (1024K), 1 survivors (1024K)
 Metaspace       used 84267K, committed 85376K, reserved 1179648K
  class space    used 12336K, committed 12864K, reserved 1048576K
}
Event: 3153.316 GC heap before
{Heap before GC invocations=598 (full 0):
 garbage-first heap   total 402432K, used 114624K [0x0000000084e00000, 0x0000000100000000)
  region size 1024K, 2 young (2048K), 1 survivors (1024K)
 Metaspace       used 84267K, committed 85376K, reserved 1179648K
  class space    used 12336K, committed 12864K, reserved 1048576K
}
Event: 3153.318 GC heap after
{Heap after GC invocations=599 (full 0):
 garbage-first heap   total 402432K, used 114678K [0x0000000084e00000, 0x0000000100000000)
  region size 1024K, 1 young (1024K), 1 survivors (1024K)
 Metaspace       used 84267K, committed 85376K, reserved 1179648K
  class space    used 12336K, committed 12864K, reserved 1048576K
}
Event: 3153.394 GC heap before
{Heap before GC invocations=600 (full 0):
 garbage-first heap   total 402432K, used 153590K [0x0000000084e00000, 0x0000000100000000)
  region size 1024K, 9 young (9216K), 1 survivors (1024K)
 Metaspace       used 84267K, committed 85376K, reserved 1179648K
  class space    used 12336K, committed 12864K, reserved 1048576K
}
Event: 3153.398 GC heap after
{Heap after GC invocations=601 (full 0):
 garbage-first heap   total 402432K, used 110441K [0x0000000084e00000, 0x0000000100000000)
  region size 1024K, 1 young (1024K), 1 survivors (1024K)
 Metaspace       used 84267K, committed 85376K, reserved 1179648K
  class space    used 12336K, committed 12864K, reserved 1048576K
}
Event: 3153.486 GC heap before
{Heap before GC invocations=602 (full 0):
 garbage-first heap   total 402432K, used 209769K [0x0000000084e00000, 0x0000000100000000)
  region size 1024K, 10 young (10240K), 1 survivors (1024K)
 Metaspace       used 84267K, committed 85376K, reserved 1179648K
  class space    used 12336K, committed 12864K, reserved 1048576K
}
Event: 3153.489 GC heap after
{Heap after GC invocations=603 (full 0):
 garbage-first heap   total 402432K, used 177603K [0x0000000084e00000, 0x0000000100000000)
  region size 1024K, 1 young (1024K), 1 survivors (1024K)
 Metaspace       used 84267K, committed 85376K, reserved 1179648K
  class space    used 12336K, committed 12864K, reserved 1048576K
}
Event: 3153.619 GC heap before
{Heap before GC invocations=604 (full 0):
 garbage-first heap   total 402432K, used 257475K [0x0000000084e00000, 0x0000000100000000)
  region size 1024K, 13 young (13312K), 1 survivors (1024K)
 Metaspace       used 84267K, committed 85376K, reserved 1179648K
  class space    used 12336K, committed 12864K, reserved 1048576K
}
Event: 3153.634 GC heap after
{Heap after GC invocations=605 (full 0):
 garbage-first heap   total 402432K, used 232548K [0x0000000084e00000, 0x0000000100000000)
  region size 1024K, 2 young (2048K), 2 survivors (2048K)
 Metaspace       used 84267K, committed 85376K, reserved 1179648K
  class space    used 12336K, committed 12864K, reserved 1048576K
}

